<?xml version="1.0" encoding="UTF-8"?>
<!-- Generated by org.testng.reporters.JUnitReportReporter -->
<testsuite hostname="DESKTOP-TD21LFT" failures="0" tests="1" name="simple.PracticeXcelData" time="2.107" errors="0" timestamp="2021-11-26T12:14:47 GMT" skipped="0">
  <testcase classname="simple.PracticeXcelData" name="Login" time="2.107"/>
  <system-out/>
</testsuite> <!-- simple.PracticeXcelData -->
