<?xml version="1.0" encoding="UTF-8"?>
<!-- Generated by org.testng.reporters.JUnitReportReporter -->
<testsuite hostname="DESKTOP-TD21LFT" failures="0" tests="1" name="simple.PracticeConfigData" time="2.255" errors="0" timestamp="2021-11-26T12:10:39 GMT" skipped="0">
  <testcase classname="simple.PracticeConfigData" name="login" time="2.255"/>
  <system-out/>
</testsuite> <!-- simple.PracticeConfigData -->
